Rank of the processor 00 on dirac34 
Rank 00 : GPU 0 : Tesla C2050

Begin the calculation of phi-GPU4 program on 001 processors

N       = 032768 	 eps      = 1.000000E-04 
t_beg   = 0.000000E+00 	 t_end    = 1.000000E+00 
dt_disk = 1.000000E+00 	 dt_contr = 1.250000E-01 
eta     = 1.500000E-01 	 eta_BH   = 1.500000E-01 

Initialized, 446.066572 Gflops
0.0000E+00   0.000E+00 0.000E+00   -4.966750E-01  2.487389E-01 -2.479361E-01 -0.000000E+00   2.259650E-01 
1.2500E-01   3.730E+03 1.284E+06   -4.965211E-01  2.485852E-01 -2.479359E-01 -9.990234E-07   8.668683E+00 
2.5000E-01   7.239E+03 2.577E+06   -4.964117E-01  2.484758E-01 -2.479359E-01 -1.522478E-08   1.721138E+01 
3.7500E-01   1.086E+04 3.866E+06   -4.963426E-01  2.484067E-01 -2.479359E-01 -1.818045E-08   2.585907E+01 
5.0000E-01   1.485E+04 5.150E+06   -4.963784E-01  2.484426E-01 -2.479359E-01 -8.454581E-09   3.469473E+01 
6.2500E-01   1.828E+04 6.447E+06   -4.964037E-01  2.484679E-01 -2.479359E-01 -1.529337E-08   4.319643E+01 
7.5000E-01   2.218E+04 7.746E+06   -4.963778E-01  2.484420E-01 -2.479358E-01 -2.766711E-07   5.209708E+01 
8.7500E-01   2.567E+04 9.055E+06   -4.963018E-01  2.483660E-01 -2.479358E-01 -1.468467E-08   6.067678E+01 
1.0000E+00   2.931E+04 1.034E+07   -4.962660E-01  2.483302E-01 -2.479358E-01 -1.052027E-08   6.931346E+01 

Timesteps = 29311   Total sum of integrated part. = 10340078   n_act average = 353

Real Speed = 292.979 GFlops 
        sec_tot     usec/step   ratio
scan :  6.4391E-01  2.1968E+01  9.3878E-03
pred :  1.1476E+01  3.9154E+02  1.6732E-01
jsend:  7.8717E+00  2.6856E+02  1.1476E-01
isend:  3.2658E-01  1.1142E+01  4.7613E-03
force:  4.6018E+01  1.5700E+03  6.7091E-01
recv :  3.4097E-01  1.1633E+01  4.9711E-03
comm :  7.4638E-02  2.5464E+00  1.0882E-03
corr :  1.8379E+00  6.2703E+01  2.6795E-02
tot  :  6.8590E+01  2.3401E+03  1.0000E+00
Rank of the processor 00 on dirac34 
Rank 00 : GPU 0 : Tesla C2050

Begin the calculation of phi-GPU6 program on 001 processors

N       = 032768 	 eps      = 1.000000E-04 
t_beg   = 0.000000E+00 	 t_end    = 1.000000E+00 
dt_disk = 1.000000E+00 	 dt_contr = 1.250000E-01 
eta     = 7.500000E-01 	 eta_BH   = 7.500000E-01 

Initialized, 509.999993 Gflops
0.0000E+00   0.000E+00 0.000E+00   -4.966750E-01  2.487389E-01 -2.479361E-01 -0.000000E+00   4.879260E-01 
1.2500E-01   1.067E+03 6.709E+05   -4.965209E-01  2.485848E-01 -2.479361E-01 -4.736397E-09   5.425175E+00 
2.5000E-01   2.062E+03 1.320E+06   -4.964114E-01  2.484753E-01 -2.479361E-01 -4.722857E-09   1.064338E+01 
3.7500E-01   3.104E+03 1.966E+06   -4.963434E-01  2.484072E-01 -2.479361E-01 -2.022080E-09   1.588059E+01 
5.0000E-01   4.226E+03 2.612E+06   -4.963781E-01  2.484420E-01 -2.479361E-01 -1.092174E-08   2.121278E+01 
6.2500E-01   5.200E+03 3.260E+06   -4.964029E-01  2.484667E-01 -2.479361E-01 -5.088673E-09   2.640998E+01 
7.5000E-01   6.299E+03 3.910E+06   -4.963790E-01  2.484429E-01 -2.479361E-01 -1.583573E-08   3.174617E+01 
8.7500E-01   7.256E+03 4.562E+06   -4.963019E-01  2.483658E-01 -2.479361E-01 -1.173058E-08   3.695538E+01 
1.0000E+00   8.270E+03 5.207E+06   -4.962665E-01  2.483304E-01 -2.479361E-01  1.203836E-08   4.217059E+01 

Timesteps = 8271   Total sum of integrated part. = 5206773   n_act average = 630

Real Speed = 391.762 GFlops 
        sec_tot     usec/step   ratio
scan :  3.5346E-01  4.2735E+01  8.5277E-03
pred :  4.5748E+00  5.5312E+02  1.1037E-01
jsend:  2.9369E+00  3.5509E+02  7.0857E-02
isend:  1.2884E-01  1.5577E+01  3.1083E-03
force:  3.1397E+01  3.7961E+03  7.5750E-01
recv :  1.1626E-01  1.4056E+01  2.8049E-03
comm :  5.9027E-02  7.1366E+00  1.4241E-03
corr :  1.8822E+00  2.2756E+02  4.5409E-02
tot  :  4.1449E+01  5.0113E+03  1.0000E+00
Rank of the processor 00 on dirac34 
Rank 00 : GPU 0 : Tesla C2050

Begin the calculation of phi-GPU8 program on 001 processors

N       = 032768 	 eps      = 1.000000E-04 
t_beg   = 0.000000E+00 	 t_end    = 1.000000E+00 
dt_disk = 1.000000E+00 	 dt_contr = 1.250000E-01 
eta     = 1.000000E+00 	 eta_BH   = 1.000000E+00 

Initialized, 526.042288 Gflops
0.0000E+00   0.000E+00 0.000E+00   -4.966750E-01  2.487389E-01 -2.479361E-01 -0.000000E+00   6.708980E-01 
1.2500E-01   8.060E+02 5.369E+05   -4.965209E-01  2.485848E-01 -2.479362E-01  5.852445E-08   6.242051E+00 
2.5000E-01   1.554E+03 1.027E+06   -4.964114E-01  2.484753E-01 -2.479362E-01  6.749156E-09   1.199418E+01 
3.7500E-01   2.328E+03 1.515E+06   -4.963376E-01  2.484015E-01 -2.479362E-01 -1.190161E-09   1.775230E+01 
5.0000E-01   3.164E+03 2.003E+06   -4.963781E-01  2.484420E-01 -2.479362E-01  1.701985E-08   2.361341E+01 
6.2500E-01   3.903E+03 2.492E+06   -4.964033E-01  2.484671E-01 -2.479362E-01 -1.630335E-08   2.933254E+01 
7.5000E-01   4.740E+03 2.982E+06   -4.963817E-01  2.484455E-01 -2.479362E-01 -1.478266E-09   3.521765E+01 
8.7500E-01   5.480E+03 3.474E+06   -4.963093E-01  2.483731E-01 -2.479362E-01 -1.920484E-08   4.098577E+01 
1.0000E+00   6.227E+03 3.961E+06   -4.962665E-01  2.483303E-01 -2.479362E-01  4.901329E-08   4.671690E+01 

Timesteps = 6228   Total sum of integrated part. = 3961454   n_act average = 636

Real Speed = 399.462 GFlops 
        sec_tot     usec/step   ratio
scan :  2.8204E-01  4.5285E+01  6.1313E-03
pred :  5.3778E+00  8.6348E+02  1.1691E-01
jsend:  2.7663E+00  4.4417E+02  6.0138E-02
isend:  1.0807E-01  1.7353E+01  2.3495E-03
force:  3.5688E+01  5.7303E+03  7.7585E-01
recv :  1.0285E-01  1.6515E+01  2.2360E-03
comm :  5.9806E-02  9.6028E+00  1.3002E-03
corr :  1.6140E+00  2.5916E+02  3.5088E-02
tot  :  4.5999E+01  7.3859E+03  1.0000E+00
