Rank of the processor 00 on dirac34 
Rank 00 : GPU 0 : Tesla C2050

Begin the calculation of phi-GPU4 program on 001 processors

N       = 016384 	 eps      = 1.000000E-04 
t_beg   = 0.000000E+00 	 t_end    = 1.000000E+00 
dt_disk = 1.000000E+00 	 dt_contr = 1.250000E-01 
eta     = 1.500000E-01 	 eta_BH   = 1.500000E-01 

Initialized, 365.708254 Gflops
0.0000E+00   0.000E+00 0.000E+00   -4.993985E-01  2.494814E-01 -2.499171E-01 -0.000000E+00   6.299100E-02 
1.2500E-01   2.349E+03 5.727E+05   -4.991897E-01  2.492726E-01 -2.499171E-01  8.941729E-08   2.392636E+00 
2.5000E-01   5.013E+03 1.138E+06   -4.991678E-01  2.492506E-01 -2.499171E-01 -1.926565E-08   4.890256E+00 
3.7500E-01   7.824E+03 1.719E+06   -4.992778E-01  2.493607E-01 -2.499171E-01  3.540635E-09   7.483862E+00 
5.0000E-01   1.030E+04 2.288E+06   -4.995361E-01  2.496189E-01 -2.499171E-01 -2.122303E-08   9.923491E+00 
6.2500E-01   1.288E+04 2.862E+06   -4.997409E-01  2.498237E-01 -2.499171E-01 -2.997112E-09   1.242211E+01 
7.5000E-01   1.534E+04 3.431E+06   -4.998676E-01  2.499505E-01 -2.499171E-01 -6.593940E-09   1.484374E+01 
8.7500E-01   1.790E+04 4.007E+06   -4.999366E-01  2.500195E-01 -2.499171E-01 -7.317612E-09   1.733636E+01 
1.0000E+00   2.026E+04 4.580E+06   -5.000185E-01  2.501014E-01 -2.499171E-01 -3.053019E-08   1.974600E+01 

Timesteps = 20259   Total sum of integrated part. = 4579674   n_act average = 226

Real Speed = 228.009 GFlops 
        sec_tot     usec/step   ratio
scan :  2.6595E-01  1.3128E+01  1.3599E-02
pred :  3.9711E+00  1.9602E+02  2.0306E-01
jsend:  2.7951E+00  1.3797E+02  1.4292E-01
isend:  1.9911E-01  9.8281E+00  1.0181E-02
force:  1.1308E+01  5.5817E+02  5.7822E-01
recv :  2.0781E-01  1.0258E+01  1.0626E-02
comm :  3.2552E-02  1.6068E+00  1.6645E-03
corr :  7.7694E-01  3.8350E+01  3.9728E-02
tot  :  1.9556E+01  9.6532E+02  1.0000E+00
Rank of the processor 00 on dirac34 
Rank 00 : GPU 0 : Tesla C2050

Begin the calculation of phi-GPU6 program on 001 processors

N       = 016384 	 eps      = 1.000000E-04 
t_beg   = 0.000000E+00 	 t_end    = 1.000000E+00 
dt_disk = 1.000000E+00 	 dt_contr = 1.250000E-01 
eta     = 7.500000E-01 	 eta_BH   = 7.500000E-01 

Initialized, 448.259152 Gflops
0.0000E+00   0.000E+00 0.000E+00   -4.993985E-01  2.494814E-01 -2.499171E-01 -0.000000E+00   1.329800E-01 
1.2500E-01   6.800E+02 2.837E+05   -4.991898E-01  2.492727E-01 -2.499171E-01 -2.108149E-09   1.381790E+00 
2.5000E-01   1.433E+03 5.517E+05   -4.991679E-01  2.492508E-01 -2.499171E-01 -8.211291E-10   2.747582E+00 
3.7500E-01   2.223E+03 8.234E+05   -4.992739E-01  2.493568E-01 -2.499171E-01  2.116099E-08   4.147370E+00 
5.0000E-01   2.915E+03 1.093E+06   -4.995365E-01  2.496194E-01 -2.499171E-01 -3.464386E-08   5.482167E+00 
6.2500E-01   3.651E+03 1.363E+06   -4.997387E-01  2.498216E-01 -2.499171E-01 -5.711756E-09   6.838960E+00 
7.5000E-01   4.331E+03 1.632E+06   -4.998660E-01  2.499489E-01 -2.499171E-01  3.010326E-09   8.156760E+00 
8.7500E-01   5.058E+03 1.903E+06   -4.999332E-01  2.500161E-01 -2.499171E-01 -3.306928E-08   9.511554E+00 
1.0000E+00   5.728E+03 2.173E+06   -5.000201E-01  2.501030E-01 -2.499171E-01  6.372088E-08   1.083635E+01 

Timesteps = 5729   Total sum of integrated part. = 2172853   n_act average = 379

Real Speed = 318.657 GFlops 
        sec_tot     usec/step   ratio
scan :  1.3922E-01  2.4301E+01  1.3075E-02
pred :  1.5882E+00  2.7723E+02  1.4916E-01
jsend:  1.0388E+00  1.8133E+02  9.7563E-02
isend:  6.9889E-02  1.2199E+01  6.5636E-03
force:  7.0320E+00  1.2274E+03  6.6041E-01
recv :  6.5617E-02  1.1453E+01  6.1624E-03
comm :  2.0657E-02  3.6056E+00  1.9400E-03
corr :  6.9345E-01  1.2104E+02  6.5126E-02
tot  :  1.0648E+01  1.8586E+03  1.0000E+00
Rank of the processor 00 on dirac34 
Rank 00 : GPU 0 : Tesla C2050

Begin the calculation of phi-GPU8 program on 001 processors

N       = 016384 	 eps      = 1.000000E-04 
t_beg   = 0.000000E+00 	 t_end    = 1.000000E+00 
dt_disk = 1.000000E+00 	 dt_contr = 1.250000E-01 
eta     = 1.000000E+00 	 eta_BH   = 1.000000E+00 

Initialized, 473.663552 Gflops
0.0000E+00   0.000E+00 0.000E+00   -4.993985E-01  2.494814E-01 -2.499171E-01 -0.000000E+00   1.809730E-01 
1.2500E-01   5.070E+02 2.296E+05   -4.991898E-01  2.492727E-01 -2.499171E-01  3.654413E-09   1.578760E+00 
2.5000E-01   1.079E+03 4.323E+05   -4.991679E-01  2.492508E-01 -2.499171E-01  7.851003E-09   3.078532E+00 
3.7500E-01   1.675E+03 6.374E+05   -4.992650E-01  2.493479E-01 -2.499171E-01 -2.992840E-08   4.606300E+00 
5.0000E-01   2.184E+03 8.413E+05   -4.995365E-01  2.496194E-01 -2.499171E-01  1.726048E-08   6.060079E+00 
6.2500E-01   2.725E+03 1.045E+06   -4.997375E-01  2.498204E-01 -2.499171E-01 -2.798611E-08   7.538854E+00 
7.5000E-01   3.237E+03 1.248E+06   -4.998683E-01  2.499512E-01 -2.499171E-01 -1.866104E-08   8.992633E+00 
8.7500E-01   3.782E+03 1.453E+06   -4.999455E-01  2.500284E-01 -2.499171E-01  2.220391E-09   1.047941E+01 
1.0000E+00   4.273E+03 1.657E+06   -5.000194E-01  2.501023E-01 -2.499171E-01  3.893139E-08   1.192019E+01 

Timesteps = 4274   Total sum of integrated part. = 1656913   n_act average = 388

Real Speed = 327.808 GFlops 
        sec_tot     usec/step   ratio
scan :  1.1015E-01  2.5772E+01  9.3878E-03
pred :  1.8197E+00  4.2575E+02  1.5508E-01
jsend:  9.6582E-01  2.2598E+02  8.2314E-02
isend:  5.7435E-02  1.3438E+01  4.8950E-03
force:  8.0862E+00  1.8920E+03  6.8916E-01
recv :  5.5911E-02  1.3082E+01  4.7651E-03
comm :  2.1889E-02  5.1215E+00  1.8656E-03
corr :  6.1628E-01  1.4419E+02  5.2524E-02
tot  :  1.1733E+01  2.7453E+03  1.0000E+00
