Rank of the processor 00 on dirac06 
Rank 00 : GPU 0 : Tesla C2050

Begin the calculation of phi-GPU4 program on 001 processors

N       = 065536 	 eps      = 1.000000E-04 
t_beg   = 0.000000E+00 	 t_end    = 1.000000E+00 
dt_disk = 1.000000E+00 	 dt_contr = 1.250000E-01 
eta     = 1.500000E-01 	 eta_BH   = 1.500000E-01 

Initialized, 476.395576 Gflops
0.0000E+00   0.000E+00 0.000E+00   -4.966681E-01  2.485637E-01 -2.481044E-01 -0.000000E+00   8.588690E-01 
1.2500E-01   5.900E+03 2.970E+06   -4.964831E-01  2.483762E-01 -2.481069E-01  9.884662E-06   3.508267E+01 
2.5000E-01   1.165E+04 5.914E+06   -4.963434E-01  2.482365E-01 -2.481069E-01  3.049201E-10   6.971440E+01 
3.7500E-01   1.722E+04 8.859E+06   -4.962709E-01  2.481640E-01 -2.481069E-01  1.331324E-08   1.040442E+02 
5.0000E-01   2.297E+04 1.182E+07   -4.963194E-01  2.482125E-01 -2.481069E-01  4.597652E-09   1.388309E+02 
6.2500E-01   2.833E+04 1.479E+07   -4.963595E-01  2.482527E-01 -2.481069E-01 -1.262146E-08   1.730767E+02 
7.5000E-01   3.455E+04 1.779E+07   -4.963458E-01  2.482389E-01 -2.481069E-01  1.582897E-11   2.090342E+02 
8.7500E-01   4.110E+04 2.079E+07   -4.962794E-01  2.481726E-01 -2.481069E-01 -1.278276E-08   2.455627E+02 
1.0000E+00   4.696E+04 2.375E+07   -4.961800E-01  2.480731E-01 -2.481069E-01 -7.652839E-09   2.805484E+02 

Timesteps = 46956   Total sum of integrated part. = 23753324   n_act average = 506

Real Speed = 329.142 GFlops 
        sec_tot     usec/step   ratio
scan :  1.8050E+00  3.8439E+01  6.4250E-03
pred :  4.6028E+01  9.8024E+02  1.6384E-01
jsend:  2.6642E+01  5.6739E+02  9.4837E-02
isend:  1.4295E+00  3.0443E+01  5.0885E-03
force:  1.9779E+02  4.2123E+03  7.0407E-01
recv :  1.4394E+00  3.0653E+01  5.1236E-03
comm :  2.4173E-01  5.1481E+00  8.6049E-04
corr :  5.5476E+00  1.1814E+02  1.9747E-02
tot  :  2.8093E+02  5.9828E+03  1.0000E+00
