Rank of the processor 00 on dirac34 
Rank 00 : GPU 0 : Tesla C2050

Begin the calculation of phi-GPU4 program on 001 processors

N       = 065536 	 eps      = 1.000000E-04 
t_beg   = 0.000000E+00 	 t_end    = 1.000000E+00 
dt_disk = 1.000000E+00 	 dt_contr = 1.250000E-01 
eta     = 1.500000E-01 	 eta_BH   = 1.500000E-01 

Initialized, 481.570550 Gflops
0.0000E+00   0.000E+00 0.000E+00   -4.966681E-01  2.485637E-01 -2.481044E-01 -0.000000E+00   8.528700E-01 
1.2500E-01   5.900E+03 2.970E+06   -4.964831E-01  2.483762E-01 -2.481069E-01  9.884662E-06   3.380286E+01 
2.5000E-01   1.165E+04 5.914E+06   -4.963434E-01  2.482365E-01 -2.481069E-01  3.049201E-10   6.718179E+01 
3.7500E-01   1.722E+04 8.859E+06   -4.962709E-01  2.481640E-01 -2.481069E-01  1.331324E-08   1.002468E+02 
5.0000E-01   2.297E+04 1.182E+07   -4.963194E-01  2.482125E-01 -2.481069E-01  4.597652E-09   1.337257E+02 
6.2500E-01   2.833E+04 1.479E+07   -4.963595E-01  2.482527E-01 -2.481069E-01 -1.262146E-08   1.668056E+02 
7.5000E-01   3.455E+04 1.779E+07   -4.963458E-01  2.482389E-01 -2.481069E-01  1.582897E-11   2.013474E+02 
8.7500E-01   4.110E+04 2.079E+07   -4.962794E-01  2.481726E-01 -2.481069E-01 -1.278276E-08   2.363481E+02 
1.0000E+00   4.696E+04 2.375E+07   -4.961800E-01  2.480731E-01 -2.481069E-01 -7.652839E-09   2.700289E+02 

Timesteps = 46956   Total sum of integrated part. = 23753324   n_act average = 506

Real Speed = 345.797 GFlops 
        sec_tot     usec/step   ratio
scan :  1.5737E+00  3.3514E+01  5.8858E-03
pred :  3.8131E+01  8.1207E+02  1.4262E-01
jsend:  2.4756E+01  5.2722E+02  9.2591E-02
isend:  5.9983E-01  1.2774E+01  2.2435E-03
force:  1.9665E+02  4.1880E+03  7.3550E-01
recv :  6.2273E-01  1.3262E+01  2.3291E-03
comm :  2.0208E-01  4.3037E+00  7.5581E-04
corr :  4.8338E+00  1.0294E+02  1.8079E-02
tot  :  2.6737E+02  5.6941E+03  1.0000E+00
Rank of the processor 00 on dirac34 
Rank 00 : GPU 0 : Tesla C2050

Begin the calculation of phi-GPU6 program on 001 processors

N       = 065536 	 eps      = 1.000000E-04 
t_beg   = 0.000000E+00 	 t_end    = 1.000000E+00 
dt_disk = 1.000000E+00 	 dt_contr = 1.250000E-01 
eta     = 7.500000E-01 	 eta_BH   = 7.500000E-01 

Initialized, 541.019491 Gflops
0.0000E+00   0.000E+00 0.000E+00   -4.966681E-01  2.485637E-01 -2.481044E-01 -0.000000E+00   1.856718E+00 
1.2500E-01   1.700E+03 1.625E+06   -4.964830E-01  2.483786E-01 -2.481044E-01  3.115502E-09   2.344944E+01 
2.5000E-01   3.316E+03 3.200E+06   -4.963431E-01  2.482387E-01 -2.481044E-01 -7.549647E-09   4.609299E+01 
3.7500E-01   4.886E+03 4.772E+06   -4.962689E-01  2.481645E-01 -2.481044E-01 -5.327655E-09   6.864556E+01 
5.0000E-01   6.521E+03 6.350E+06   -4.963186E-01  2.482142E-01 -2.481044E-01 -7.080455E-09   9.141810E+01 
6.2500E-01   8.049E+03 7.931E+06   -4.963556E-01  2.482512E-01 -2.481044E-01 -8.205457E-09   1.140097E+02 
7.5000E-01   9.831E+03 9.517E+06   -4.963420E-01  2.482376E-01 -2.481044E-01 -1.539346E-08   1.372131E+02 
8.7500E-01   1.163E+04 1.110E+07   -4.962738E-01  2.481694E-01 -2.481044E-01 -7.066724E-09   1.604836E+02 
1.0000E+00   1.327E+04 1.268E+07   -4.961769E-01  2.480725E-01 -2.481044E-01 -4.597904E-09   1.832451E+02 

Timesteps = 13271   Total sum of integrated part. = 12681688   n_act average = 956

Real Speed = 439.772 GFlops 
        sec_tot     usec/step   ratio
scan :  9.1302E-01  6.8798E+01  5.0548E-03
pred :  1.6241E+01  1.2238E+03  8.9913E-02
jsend:  9.3998E+00  7.0830E+02  5.2040E-02
isend:  2.6812E-01  2.0204E+01  1.4844E-03
force:  1.4857E+02  1.1195E+04  8.2252E-01
recv :  2.4277E-01  1.8294E+01  1.3441E-03
comm :  1.6913E-01  1.2744E+01  9.3636E-04
corr :  4.8238E+00  3.6348E+02  2.6706E-02
tot  :  1.8063E+02  1.3611E+04  1.0000E+00
Rank of the processor 00 on dirac34 
Rank 00 : GPU 0 : Tesla C2050

Begin the calculation of phi-GPU8 program on 001 processors

N       = 065536 	 eps      = 1.000000E-04 
t_beg   = 0.000000E+00 	 t_end    = 1.000000E+00 
dt_disk = 1.000000E+00 	 dt_contr = 1.250000E-01 
eta     = 1.000000E+00 	 eta_BH   = 1.000000E+00 

Initialized, 550.533908 Gflops
0.0000E+00   0.000E+00 0.000E+00   -4.966681E-01  2.485637E-01 -2.481044E-01 -0.000000E+00   2.565610E+00 
1.2500E-01   1.285E+03 1.288E+06   -4.964830E-01  2.483786E-01 -2.481044E-01 -1.880101E-08   2.679393E+01 
2.5000E-01   2.513E+03 2.477E+06   -4.963431E-01  2.482387E-01 -2.481044E-01  7.550050E-09   5.169314E+01 
3.7500E-01   3.694E+03 3.663E+06   -4.962661E-01  2.481617E-01 -2.481044E-01 -2.896742E-09   7.640839E+01 
5.0000E-01   4.920E+03 4.855E+06   -4.963186E-01  2.482142E-01 -2.481044E-01 -2.345680E-09   1.013876E+02 
6.2500E-01   6.074E+03 6.047E+06   -4.963569E-01  2.482525E-01 -2.481044E-01  1.894599E-08   1.261548E+02 
7.5000E-01   7.438E+03 7.246E+06   -4.963445E-01  2.482401E-01 -2.481044E-01  1.146802E-09   1.516549E+02 
8.7500E-01   8.819E+03 8.444E+06   -4.962784E-01  2.481740E-01 -2.481044E-01 -1.320210E-08   1.771951E+02 
1.0000E+00   1.006E+04 9.636E+06   -4.961769E-01  2.480725E-01 -2.481044E-01 -3.834790E-08   2.021983E+02 

Timesteps = 10065   Total sum of integrated part. = 9636008   n_act average = 957

Real Speed = 449.576 GFlops 
        sec_tot     usec/step   ratio
scan :  7.2023E-01  7.1558E+01  3.6088E-03
pred :  1.9031E+01  1.8908E+03  9.5357E-02
jsend:  8.8754E+00  8.8181E+02  4.4472E-02
isend:  2.2949E-01  2.2800E+01  1.1499E-03
force:  1.6617E+02  1.6509E+04  8.3261E-01
recv :  2.1520E-01  2.1381E+01  1.0783E-03
comm :  1.7526E-01  1.7413E+01  8.7819E-04
corr :  4.1599E+00  4.1331E+02  2.0844E-02
tot  :  1.9957E+02  1.9828E+04  1.0000E+00
